[2025-05-06 22:59:54.249] [INFO] [Logger] Logging system initialized
[2025-05-06 22:59:54.269] [INFO] [MainServer] Starting server on port 12345 with 10 threads
[2025-05-06 22:59:54.270] [INFO] [MainServer] Server started successfully
[2025-05-06 22:59:58.420] [INFO] [Logger] Logging system initialized
[2025-05-06 23:00:00.821] [INFO] [MainServer] New connection accepted from: /127.0.0.1:50921
[2025-05-06 23:00:00.825] [INFO] [ClientHandler] New client connected: /127.0.0.1:50921
[2025-05-06 23:00:00.826] [INFO] [Broadcaster] Registered client: Mohan
[2025-05-06 23:00:00.826] [INFO] [ClientHandler] Client identified as: Mohan
[2025-05-06 23:00:00.829] [INFO] [Broadcaster] Broadcast message: [SERVER] Mohan has joined the server.
[2025-05-06 23:00:11.325] [INFO] [ClientHandler] Mohan issued command: LIST
[2025-05-06 23:00:11.326] [INFO] [ClientHandler] Mohan requested file list
[2025-05-06 23:00:16.845] [INFO] [ClientHandler] Mohan issued command: DOWNLOAD test.txt
[2025-05-06 23:00:16.845] [INFO] [FileManager] Sending file: test.txt
[2025-05-06 23:00:16.847] [INFO] [FileManager] Sending file size: 22 bytes
[2025-05-06 23:00:16.867] [INFO] [FileManager] Sending checksum of length: 32 bytes
[2025-05-06 23:00:16.868] [INFO] [FileManager] File transfer complete: test.txt
[2025-05-06 23:00:17.010] [INFO] [DBLogger] Database logger initialized successfully
[2025-05-06 23:00:17.011] [ERROR] [DBLogger] Failed to log action: database connection closed
java.sql.SQLException: database connection closed
	at org.sqlite.SQLiteConnection.checkOpen(SQLiteConnection.java:429)
	at org.sqlite.jdbc4.JDBC4Connection.prepareStatement(JDBC4Connection.java:31)
	at org.sqlite.jdbc3.JDBC3Connection.prepareStatement(JDBC3Connection.java:225)
	at org.sqlite.jdbc3.JDBC3Connection.prepareStatement(JDBC3Connection.java:205)
	at DBLogger.log(DBLogger.java:38)
	at ClientHandler.run(ClientHandler.java:86)
	at java.base/java.util.concurrent.ThreadPoolExecutor.runWorker(ThreadPoolExecutor.java:1136)
	at java.base/java.util.concurrent.ThreadPoolExecutor$Worker.run(ThreadPoolExecutor.java:635)
	at java.base/java.lang.Thread.run(Thread.java:842)
[2025-05-06 23:00:17.012] [INFO] [Broadcaster] Broadcast message: [DOWNLOAD] Mohan downloaded: test.txt
[2025-05-06 23:00:40.098] [INFO] [Logger] Logging system shutting down
[2025-05-06 23:00:40.100] [INFO] [Logger] Logging system shutting down
[2025-05-06 23:12:06.184] [INFO] [Logger] Logging system initialized
[2025-05-06 23:12:06.202] [INFO] [MainServer] Starting server on port 12345 with 10 threads
[2025-05-06 23:12:06.203] [INFO] [MainServer] Server started successfully
[2025-05-06 23:12:13.611] [INFO] [Logger] Logging system initialized
[2025-05-06 23:12:21.323] [INFO] [MainServer] New connection accepted from: /127.0.0.1:52203
[2025-05-06 23:12:21.328] [INFO] [ClientHandler] New client connected: /127.0.0.1:52203
[2025-05-06 23:12:21.330] [INFO] [Broadcaster] Registered client: Mohan
[2025-05-06 23:12:21.330] [INFO] [ClientHandler] Client identified as: Mohan
[2025-05-06 23:12:21.334] [INFO] [Broadcaster] Broadcast message: [SERVER] Mohan has joined the server.
[2025-05-06 23:13:31.560] [INFO] [ClientHandler] Mohan issued command: UPLOAD test.txt
[2025-05-06 23:13:31.560] [INFO] [FileManager] Receiving file: test.txt
[2025-05-06 23:13:31.563] [INFO] [FileManager] Expecting file size: 5 bytes
[2025-05-06 23:13:31.606] [INFO] [FileManager] File received and saved to: D:\Java\FileSharingSystem\server_files\test.txt
[2025-05-06 23:13:31.794] [INFO] [DBLogger] Database logger initialized successfully
[2025-05-06 23:13:31.795] [ERROR] [DBLogger] Failed to log action: database connection closed
java.sql.SQLException: database connection closed
	at org.sqlite.SQLiteConnection.checkOpen(SQLiteConnection.java:429)
	at org.sqlite.jdbc4.JDBC4Connection.prepareStatement(JDBC4Connection.java:31)
	at org.sqlite.jdbc3.JDBC3Connection.prepareStatement(JDBC3Connection.java:225)
	at org.sqlite.jdbc3.JDBC3Connection.prepareStatement(JDBC3Connection.java:205)
	at DBLogger.log(DBLogger.java:38)
	at ClientHandler.run(ClientHandler.java:62)
	at java.base/java.util.concurrent.ThreadPoolExecutor.runWorker(ThreadPoolExecutor.java:1136)
	at java.base/java.util.concurrent.ThreadPoolExecutor$Worker.run(ThreadPoolExecutor.java:635)
	at java.base/java.lang.Thread.run(Thread.java:842)
[2025-05-06 23:13:31.796] [INFO] [Broadcaster] Broadcast message: [UPLOAD] Mohan uploaded: test.txt
[2025-05-06 23:14:02.185] [INFO] [Logger] Logging system initialized
[2025-05-06 23:14:02.190] [INFO] [Client] Starting client...
[2025-05-06 23:14:02.202] [INFO] [MainServer] New connection accepted from: /127.0.0.1:52741
[2025-05-06 23:14:02.203] [INFO] [ClientHandler] New client connected: /127.0.0.1:52741
[2025-05-06 23:14:02.221] [INFO] [Client] Connected to server at localhost:12345
[2025-05-06 23:14:04.866] [INFO] [Broadcaster] Registered client: Mohan
[2025-05-06 23:14:04.866] [INFO] [ClientHandler] Client identified as: Mohan
[2025-05-06 23:14:04.867] [INFO] [Broadcaster] Broadcast message: [SERVER] Mohan has joined the server.
[2025-05-06 23:14:47.895] [INFO] [ClientHandler] Mohan issued command: UPLOAD test.txt
[2025-05-06 23:14:47.895] [INFO] [FileManager] Receiving file: test.txt
[2025-05-06 23:14:47.895] [INFO] [FileManager] Expecting file size: 22 bytes
[2025-05-06 23:14:47.920] [INFO] [FileManager] File received and saved to: D:\Java\FileSharingSystem\server_files\test.txt
[2025-05-06 23:14:47.920] [ERROR] [DBLogger] Failed to log action: database connection closed
java.sql.SQLException: database connection closed
	at org.sqlite.SQLiteConnection.checkOpen(SQLiteConnection.java:429)
	at org.sqlite.jdbc4.JDBC4Connection.prepareStatement(JDBC4Connection.java:31)
	at org.sqlite.jdbc3.JDBC3Connection.prepareStatement(JDBC3Connection.java:225)
	at org.sqlite.jdbc3.JDBC3Connection.prepareStatement(JDBC3Connection.java:205)
	at DBLogger.log(DBLogger.java:38)
	at ClientHandler.run(ClientHandler.java:62)
	at java.base/java.util.concurrent.ThreadPoolExecutor.runWorker(ThreadPoolExecutor.java:1136)
	at java.base/java.util.concurrent.ThreadPoolExecutor$Worker.run(ThreadPoolExecutor.java:635)
	at java.base/java.lang.Thread.run(Thread.java:842)
[2025-05-06 23:14:47.921] [INFO] [Broadcaster] Broadcast message: [UPLOAD] Mohan uploaded: test.txt
[2025-05-06 23:15:09.140] [INFO] [ClientHandler] Mohan issued command: DOWNLOAD test.txt
[2025-05-06 23:15:09.141] [INFO] [FileManager] Sending file: test.txt
[2025-05-06 23:15:09.141] [INFO] [FileManager] Sending file size: 22 bytes
[2025-05-06 23:15:09.144] [INFO] [FileManager] Sending checksum of length: 32 bytes
[2025-05-06 23:15:09.145] [INFO] [FileManager] File transfer complete: test.txt
[2025-05-06 23:15:09.145] [ERROR] [DBLogger] Failed to log action: database connection closed
java.sql.SQLException: database connection closed
	at org.sqlite.SQLiteConnection.checkOpen(SQLiteConnection.java:429)
	at org.sqlite.jdbc4.JDBC4Connection.prepareStatement(JDBC4Connection.java:31)
	at org.sqlite.jdbc3.JDBC3Connection.prepareStatement(JDBC3Connection.java:225)
	at org.sqlite.jdbc3.JDBC3Connection.prepareStatement(JDBC3Connection.java:205)
	at DBLogger.log(DBLogger.java:38)
	at ClientHandler.run(ClientHandler.java:89)
	at java.base/java.util.concurrent.ThreadPoolExecutor.runWorker(ThreadPoolExecutor.java:1136)
	at java.base/java.util.concurrent.ThreadPoolExecutor$Worker.run(ThreadPoolExecutor.java:635)
	at java.base/java.lang.Thread.run(Thread.java:842)
[2025-05-06 23:15:09.258] [INFO] [Broadcaster] Broadcast message: [DOWNLOAD] Mohan downloaded: test.txt
[2025-05-06 23:17:32.471] [INFO] [Logger] Logging system shutting down
[2025-05-06 23:17:32.476] [INFO] [Logger] Logging system shutting down
[2025-05-06 23:17:32.481] [INFO] [Logger] Logging system shutting down
[2025-05-07 00:13:45.210] [INFO] [Logger] Logging system initialized
[2025-05-07 00:13:45.220] [INFO] [MainServer] Starting server on port 12345 with 10 threads
[2025-05-07 00:13:45.408] [INFO] [MainServer] Server started successfully
[2025-05-07 00:13:49.281] [INFO] [Logger] Logging system initialized
[2025-05-07 00:13:52.410] [INFO] [MainServer] New connection accepted from: /127.0.0.1:56197
[2025-05-07 00:13:52.411] [INFO] [ClientHandler] New client connected: /127.0.0.1:56197
[2025-05-07 00:13:52.413] [INFO] [Broadcaster] Registered client: audrey
[2025-05-07 00:13:52.414] [INFO] [ClientHandler] Client identified as: audrey
[2025-05-07 00:13:52.417] [INFO] [Broadcaster] Broadcast message: [SERVER] audrey has joined the server.
[2025-05-07 00:13:56.898] [INFO] [ClientHandler] audrey issued command: UPLOAD Africa.png
[2025-05-07 00:13:56.899] [INFO] [FileManager] Receiving file: Africa.png
[2025-05-07 00:13:56.901] [INFO] [FileManager] Expecting file size: 109490 bytes
[2025-05-07 00:13:56.959] [INFO] [FileManager] File received and saved to: /Users/audreyzhao/Desktop/File-Sharing-System-main/server_files/Africa.png
[2025-05-07 00:14:21.834] [ERROR] [ClientGUI] Download failed: null
java.io.EOFException
	at java.base/java.io.DataInputStream.readFully(DataInputStream.java:210)
	at java.base/java.io.DataInputStream.readLong(DataInputStream.java:407)
	at ClientGUI.handleDownload(ClientGUI.java:149)
	at java.desktop/javax.swing.AbstractButton.fireActionPerformed(AbstractButton.java:1972)
	at java.desktop/javax.swing.AbstractButton$Handler.actionPerformed(AbstractButton.java:2314)
	at java.desktop/javax.swing.DefaultButtonModel.fireActionPerformed(DefaultButtonModel.java:407)
	at java.desktop/javax.swing.DefaultButtonModel.setPressed(DefaultButtonModel.java:262)
	at java.desktop/javax.swing.plaf.basic.BasicButtonListener.mouseReleased(BasicButtonListener.java:279)
	at java.desktop/java.awt.Component.processMouseEvent(Component.java:6621)
	at java.desktop/javax.swing.JComponent.processMouseEvent(JComponent.java:3398)
	at java.desktop/java.awt.Component.processEvent(Component.java:6386)
	at java.desktop/java.awt.Container.processEvent(Container.java:2266)
	at java.desktop/java.awt.Component.dispatchEventImpl(Component.java:4996)
	at java.desktop/java.awt.Container.dispatchEventImpl(Container.java:2324)
	at java.desktop/java.awt.Component.dispatchEvent(Component.java:4828)
	at java.desktop/java.awt.LightweightDispatcher.retargetMouseEvent(Container.java:4948)
	at java.desktop/java.awt.LightweightDispatcher.processMouseEvent(Container.java:4575)
	at java.desktop/java.awt.LightweightDispatcher.dispatchEvent(Container.java:4516)
	at java.desktop/java.awt.Container.dispatchEventImpl(Container.java:2310)
	at java.desktop/java.awt.Window.dispatchEventImpl(Window.java:2780)
	at java.desktop/java.awt.Component.dispatchEvent(Component.java:4828)
	at java.desktop/java.awt.EventQueue.dispatchEventImpl(EventQueue.java:775)
	at java.desktop/java.awt.EventQueue$4.run(EventQueue.java:720)
	at java.desktop/java.awt.EventQueue$4.run(EventQueue.java:714)
	at java.base/java.security.AccessController.doPrivileged(AccessController.java:400)
	at java.base/java.security.ProtectionDomain$JavaSecurityAccessImpl.doIntersectionPrivilege(ProtectionDomain.java:87)
	at java.base/java.security.ProtectionDomain$JavaSecurityAccessImpl.doIntersectionPrivilege(ProtectionDomain.java:98)
	at java.desktop/java.awt.EventQueue$5.run(EventQueue.java:747)
	at java.desktop/java.awt.EventQueue$5.run(EventQueue.java:745)
	at java.base/java.security.AccessController.doPrivileged(AccessController.java:400)
	at java.base/java.security.ProtectionDomain$JavaSecurityAccessImpl.doIntersectionPrivilege(ProtectionDomain.java:87)
	at java.desktop/java.awt.EventQueue.dispatchEvent(EventQueue.java:744)
	at java.desktop/java.awt.EventDispatchThread.pumpOneEventForFilters(EventDispatchThread.java:203)
	at java.desktop/java.awt.EventDispatchThread.pumpEventsForFilter(EventDispatchThread.java:124)
	at java.desktop/java.awt.EventDispatchThread.pumpEventsForHierarchy(EventDispatchThread.java:113)
	at java.desktop/java.awt.EventDispatchThread.pumpEvents(EventDispatchThread.java:109)
	at java.desktop/java.awt.EventDispatchThread.pumpEvents(EventDispatchThread.java:101)
	at java.desktop/java.awt.EventDispatchThread.run(EventDispatchThread.java:90)
[2025-05-07 00:16:47.656] [ERROR] [ClientGUI] Upload failed: Broken pipe
java.net.SocketException: Broken pipe
	at java.base/sun.nio.ch.SocketDispatcher.write0(Native Method)
	at java.base/sun.nio.ch.SocketDispatcher.write(SocketDispatcher.java:62)
	at java.base/sun.nio.ch.NioSocketImpl.tryWrite(NioSocketImpl.java:394)
	at java.base/sun.nio.ch.NioSocketImpl.implWrite(NioSocketImpl.java:410)
	at java.base/sun.nio.ch.NioSocketImpl.write(NioSocketImpl.java:440)
	at java.base/sun.nio.ch.NioSocketImpl$2.write(NioSocketImpl.java:819)
	at java.base/java.net.Socket$SocketOutputStream.write(Socket.java:1195)
	at java.base/sun.nio.cs.StreamEncoder.writeBytes(StreamEncoder.java:309)
	at java.base/sun.nio.cs.StreamEncoder.implFlushBuffer(StreamEncoder.java:405)
	at java.base/sun.nio.cs.StreamEncoder.implFlush(StreamEncoder.java:410)
	at java.base/sun.nio.cs.StreamEncoder.lockedFlush(StreamEncoder.java:214)
	at java.base/sun.nio.cs.StreamEncoder.flush(StreamEncoder.java:201)
	at java.base/java.io.OutputStreamWriter.flush(OutputStreamWriter.java:262)
	at java.base/java.io.BufferedWriter.implFlush(BufferedWriter.java:372)
	at java.base/java.io.BufferedWriter.flush(BufferedWriter.java:359)
	at ClientGUI.handleUpload(ClientGUI.java:105)
	at java.desktop/javax.swing.AbstractButton.fireActionPerformed(AbstractButton.java:1972)
	at java.desktop/javax.swing.AbstractButton$Handler.actionPerformed(AbstractButton.java:2314)
	at java.desktop/javax.swing.DefaultButtonModel.fireActionPerformed(DefaultButtonModel.java:407)
	at java.desktop/javax.swing.DefaultButtonModel.setPressed(DefaultButtonModel.java:262)
	at java.desktop/javax.swing.plaf.basic.BasicButtonListener.mouseReleased(BasicButtonListener.java:279)
	at java.desktop/java.awt.Component.processMouseEvent(Component.java:6621)
	at java.desktop/javax.swing.JComponent.processMouseEvent(JComponent.java:3398)
	at java.desktop/java.awt.Component.processEvent(Component.java:6386)
	at java.desktop/java.awt.Container.processEvent(Container.java:2266)
	at java.desktop/java.awt.Component.dispatchEventImpl(Component.java:4996)
	at java.desktop/java.awt.Container.dispatchEventImpl(Container.java:2324)
	at java.desktop/java.awt.Component.dispatchEvent(Component.java:4828)
	at java.desktop/java.awt.LightweightDispatcher.retargetMouseEvent(Container.java:4948)
	at java.desktop/java.awt.LightweightDispatcher.processMouseEvent(Container.java:4575)
	at java.desktop/java.awt.LightweightDispatcher.dispatchEvent(Container.java:4516)
	at java.desktop/java.awt.Container.dispatchEventImpl(Container.java:2310)
	at java.desktop/java.awt.Window.dispatchEventImpl(Window.java:2780)
	at java.desktop/java.awt.Component.dispatchEvent(Component.java:4828)
	at java.desktop/java.awt.EventQueue.dispatchEventImpl(EventQueue.java:775)
	at java.desktop/java.awt.EventQueue$4.run(EventQueue.java:720)
	at java.desktop/java.awt.EventQueue$4.run(EventQueue.java:714)
	at java.base/java.security.AccessController.doPrivileged(AccessController.java:400)
	at java.base/java.security.ProtectionDomain$JavaSecurityAccessImpl.doIntersectionPrivilege(ProtectionDomain.java:87)
	at java.base/java.security.ProtectionDomain$JavaSecurityAccessImpl.doIntersectionPrivilege(ProtectionDomain.java:98)
	at java.desktop/java.awt.EventQueue$5.run(EventQueue.java:747)
	at java.desktop/java.awt.EventQueue$5.run(EventQueue.java:745)
	at java.base/java.security.AccessController.doPrivileged(AccessController.java:400)
	at java.base/java.security.ProtectionDomain$JavaSecurityAccessImpl.doIntersectionPrivilege(ProtectionDomain.java:87)
	at java.desktop/java.awt.EventQueue.dispatchEvent(EventQueue.java:744)
	at java.desktop/java.awt.EventDispatchThread.pumpOneEventForFilters(EventDispatchThread.java:203)
	at java.desktop/java.awt.EventDispatchThread.pumpEventsForFilter(EventDispatchThread.java:124)
	at java.desktop/java.awt.EventDispatchThread.pumpEventsForHierarchy(EventDispatchThread.java:113)
	at java.desktop/java.awt.EventDispatchThread.pumpEvents(EventDispatchThread.java:109)
	at java.desktop/java.awt.EventDispatchThread.pumpEvents(EventDispatchThread.java:101)
	at java.desktop/java.awt.EventDispatchThread.run(EventDispatchThread.java:90)
[2025-05-07 00:16:56.713] [INFO] [Logger] Logging system shutting down
[2025-05-07 00:17:00.733] [INFO] [Logger] Logging system initialized
[2025-05-07 00:17:00.742] [INFO] [MainServer] Starting server on port 12345 with 10 threads
[2025-05-07 00:17:00.752] [FATAL] [MainServer] Could not start server on port 12345: Address already in use
java.net.BindException: Address already in use
	at java.base/sun.nio.ch.Net.bind0(Native Method)
	at java.base/sun.nio.ch.Net.bind(Net.java:565)
	at java.base/sun.nio.ch.Net.bind(Net.java:554)
	at java.base/sun.nio.ch.NioSocketImpl.bind(NioSocketImpl.java:636)
	at java.base/java.net.ServerSocket.bind(ServerSocket.java:391)
	at java.base/java.net.ServerSocket.<init>(ServerSocket.java:278)
	at java.base/java.net.ServerSocket.<init>(ServerSocket.java:171)
	at MainServer.main(MainServer.java:24)
[2025-05-07 00:17:00.754] [INFO] [Logger] Logging system shutting down
[2025-05-07 00:17:03.884] [INFO] [Logger] Logging system initialized
[2025-05-07 00:17:12.767] [INFO] [MainServer] New connection accepted from: /127.0.0.1:56219
[2025-05-07 00:17:12.767] [INFO] [ClientHandler] New client connected: /127.0.0.1:56219
[2025-05-07 00:17:12.771] [INFO] [Broadcaster] Registered client: audrey
[2025-05-07 00:17:12.771] [INFO] [ClientHandler] Client identified as: audrey
[2025-05-07 00:17:12.771] [INFO] [Broadcaster] Broadcast message: [SERVER] audrey has joined the server.
[2025-05-07 00:17:20.767] [INFO] [ClientHandler] audrey issued command: UPLOAD test.txt
[2025-05-07 00:17:20.767] [INFO] [FileManager] Receiving file: test.txt
[2025-05-07 00:17:20.768] [INFO] [FileManager] Expecting file size: 5 bytes
[2025-05-07 00:17:20.792] [INFO] [FileManager] File received and saved to: /Users/audreyzhao/Desktop/File-Sharing-System-main/server_files/test.txt
[2025-05-07 00:17:42.623] [ERROR] [ClientGUI] Download failed: null
java.io.EOFException
	at java.base/java.io.DataInputStream.readFully(DataInputStream.java:210)
	at java.base/java.io.DataInputStream.readLong(DataInputStream.java:407)
	at ClientGUI.handleDownload(ClientGUI.java:149)
	at java.desktop/javax.swing.AbstractButton.fireActionPerformed(AbstractButton.java:1972)
	at java.desktop/javax.swing.AbstractButton$Handler.actionPerformed(AbstractButton.java:2314)
	at java.desktop/javax.swing.DefaultButtonModel.fireActionPerformed(DefaultButtonModel.java:407)
	at java.desktop/javax.swing.DefaultButtonModel.setPressed(DefaultButtonModel.java:262)
	at java.desktop/javax.swing.plaf.basic.BasicButtonListener.mouseReleased(BasicButtonListener.java:279)
	at java.desktop/java.awt.Component.processMouseEvent(Component.java:6621)
	at java.desktop/javax.swing.JComponent.processMouseEvent(JComponent.java:3398)
	at java.desktop/java.awt.Component.processEvent(Component.java:6386)
	at java.desktop/java.awt.Container.processEvent(Container.java:2266)
	at java.desktop/java.awt.Component.dispatchEventImpl(Component.java:4996)
	at java.desktop/java.awt.Container.dispatchEventImpl(Container.java:2324)
	at java.desktop/java.awt.Component.dispatchEvent(Component.java:4828)
	at java.desktop/java.awt.LightweightDispatcher.retargetMouseEvent(Container.java:4948)
	at java.desktop/java.awt.LightweightDispatcher.processMouseEvent(Container.java:4575)
	at java.desktop/java.awt.LightweightDispatcher.dispatchEvent(Container.java:4516)
	at java.desktop/java.awt.Container.dispatchEventImpl(Container.java:2310)
	at java.desktop/java.awt.Window.dispatchEventImpl(Window.java:2780)
	at java.desktop/java.awt.Component.dispatchEvent(Component.java:4828)
	at java.desktop/java.awt.EventQueue.dispatchEventImpl(EventQueue.java:775)
	at java.desktop/java.awt.EventQueue$4.run(EventQueue.java:720)
	at java.desktop/java.awt.EventQueue$4.run(EventQueue.java:714)
	at java.base/java.security.AccessController.doPrivileged(AccessController.java:400)
	at java.base/java.security.ProtectionDomain$JavaSecurityAccessImpl.doIntersectionPrivilege(ProtectionDomain.java:87)
	at java.base/java.security.ProtectionDomain$JavaSecurityAccessImpl.doIntersectionPrivilege(ProtectionDomain.java:98)
	at java.desktop/java.awt.EventQueue$5.run(EventQueue.java:747)
	at java.desktop/java.awt.EventQueue$5.run(EventQueue.java:745)
	at java.base/java.security.AccessController.doPrivileged(AccessController.java:400)
	at java.base/java.security.ProtectionDomain$JavaSecurityAccessImpl.doIntersectionPrivilege(ProtectionDomain.java:87)
	at java.desktop/java.awt.EventQueue.dispatchEvent(EventQueue.java:744)
	at java.desktop/java.awt.EventDispatchThread.pumpOneEventForFilters(EventDispatchThread.java:203)
	at java.desktop/java.awt.EventDispatchThread.pumpEventsForFilter(EventDispatchThread.java:124)
	at java.desktop/java.awt.EventDispatchThread.pumpEventsForHierarchy(EventDispatchThread.java:113)
	at java.desktop/java.awt.EventDispatchThread.pumpEvents(EventDispatchThread.java:109)
	at java.desktop/java.awt.EventDispatchThread.pumpEvents(EventDispatchThread.java:101)
	at java.desktop/java.awt.EventDispatchThread.run(EventDispatchThread.java:90)
[2025-05-07 00:39:23.930] [INFO] [Logger] Logging system shutting down
[2025-05-07 00:40:30.772] [INFO] [Logger] Logging system initialized
[2025-05-07 00:40:30.781] [INFO] [MainServer] Starting server on port 12345 with 10 threads
[2025-05-07 00:40:30.794] [FATAL] [MainServer] Could not start server on port 12345: Address already in use
java.net.BindException: Address already in use
	at java.base/sun.nio.ch.Net.bind0(Native Method)
	at java.base/sun.nio.ch.Net.bind(Net.java:565)
	at java.base/sun.nio.ch.Net.bind(Net.java:554)
	at java.base/sun.nio.ch.NioSocketImpl.bind(NioSocketImpl.java:636)
	at java.base/java.net.ServerSocket.bind(ServerSocket.java:391)
	at java.base/java.net.ServerSocket.<init>(ServerSocket.java:278)
	at java.base/java.net.ServerSocket.<init>(ServerSocket.java:171)
	at MainServer.main(MainServer.java:24)
[2025-05-07 00:40:30.796] [INFO] [Logger] Logging system shutting down
[2025-05-07 00:40:33.236] [INFO] [Logger] Logging system initialized
[2025-05-07 00:40:35.735] [INFO] [MainServer] New connection accepted from: /127.0.0.1:56704
[2025-05-07 00:40:35.735] [INFO] [ClientHandler] New client connected: /127.0.0.1:56704
[2025-05-07 00:40:35.739] [INFO] [Broadcaster] Registered client: audrey
[2025-05-07 00:40:35.739] [INFO] [ClientHandler] Client identified as: audrey
[2025-05-07 00:40:35.739] [INFO] [Broadcaster] Broadcast message: [SERVER] audrey has joined the server.
[2025-05-07 00:40:42.413] [INFO] [ClientHandler] audrey issued command: UPLOAD test.txt
[2025-05-07 00:40:42.413] [INFO] [FileManager] Receiving file: test.txt
[2025-05-07 00:40:42.413] [INFO] [FileManager] Expecting file size: 5 bytes
[2025-05-07 00:40:42.435] [INFO] [FileManager] File received and saved to: /Users/audreyzhao/Desktop/File-Sharing-System-main/server_files/test.txt
[2025-05-07 00:43:53.884] [ERROR] [ClientGUI] Download failed: null
java.io.EOFException
	at java.base/java.io.DataInputStream.readFully(DataInputStream.java:210)
	at java.base/java.io.DataInputStream.readLong(DataInputStream.java:407)
	at ClientGUI.handleDownload(ClientGUI.java:149)
	at java.desktop/javax.swing.AbstractButton.fireActionPerformed(AbstractButton.java:1972)
	at java.desktop/javax.swing.AbstractButton$Handler.actionPerformed(AbstractButton.java:2314)
	at java.desktop/javax.swing.DefaultButtonModel.fireActionPerformed(DefaultButtonModel.java:407)
	at java.desktop/javax.swing.DefaultButtonModel.setPressed(DefaultButtonModel.java:262)
	at java.desktop/javax.swing.plaf.basic.BasicButtonListener.mouseReleased(BasicButtonListener.java:279)
	at java.desktop/java.awt.Component.processMouseEvent(Component.java:6621)
	at java.desktop/javax.swing.JComponent.processMouseEvent(JComponent.java:3398)
	at java.desktop/java.awt.Component.processEvent(Component.java:6386)
	at java.desktop/java.awt.Container.processEvent(Container.java:2266)
	at java.desktop/java.awt.Component.dispatchEventImpl(Component.java:4996)
	at java.desktop/java.awt.Container.dispatchEventImpl(Container.java:2324)
	at java.desktop/java.awt.Component.dispatchEvent(Component.java:4828)
	at java.desktop/java.awt.LightweightDispatcher.retargetMouseEvent(Container.java:4948)
	at java.desktop/java.awt.LightweightDispatcher.processMouseEvent(Container.java:4575)
	at java.desktop/java.awt.LightweightDispatcher.dispatchEvent(Container.java:4516)
	at java.desktop/java.awt.Container.dispatchEventImpl(Container.java:2310)
	at java.desktop/java.awt.Window.dispatchEventImpl(Window.java:2780)
	at java.desktop/java.awt.Component.dispatchEvent(Component.java:4828)
	at java.desktop/java.awt.EventQueue.dispatchEventImpl(EventQueue.java:775)
	at java.desktop/java.awt.EventQueue$4.run(EventQueue.java:720)
	at java.desktop/java.awt.EventQueue$4.run(EventQueue.java:714)
	at java.base/java.security.AccessController.doPrivileged(AccessController.java:400)
	at java.base/java.security.ProtectionDomain$JavaSecurityAccessImpl.doIntersectionPrivilege(ProtectionDomain.java:87)
	at java.base/java.security.ProtectionDomain$JavaSecurityAccessImpl.doIntersectionPrivilege(ProtectionDomain.java:98)
	at java.desktop/java.awt.EventQueue$5.run(EventQueue.java:747)
	at java.desktop/java.awt.EventQueue$5.run(EventQueue.java:745)
	at java.base/java.security.AccessController.doPrivileged(AccessController.java:400)
	at java.base/java.security.ProtectionDomain$JavaSecurityAccessImpl.doIntersectionPrivilege(ProtectionDomain.java:87)
	at java.desktop/java.awt.EventQueue.dispatchEvent(EventQueue.java:744)
	at java.desktop/java.awt.EventDispatchThread.pumpOneEventForFilters(EventDispatchThread.java:203)
	at java.desktop/java.awt.EventDispatchThread.pumpEventsForFilter(EventDispatchThread.java:124)
	at java.desktop/java.awt.EventDispatchThread.pumpEventsForHierarchy(EventDispatchThread.java:113)
	at java.desktop/java.awt.EventDispatchThread.pumpEvents(EventDispatchThread.java:109)
	at java.desktop/java.awt.EventDispatchThread.pumpEvents(EventDispatchThread.java:101)
	at java.desktop/java.awt.EventDispatchThread.run(EventDispatchThread.java:90)
[2025-05-07 00:43:54.651] [INFO] [Logger] Logging system shutting down
[2025-05-07 00:47:12.724] [INFO] [Logger] Logging system initialized
[2025-05-07 00:47:12.733] [INFO] [MainServer] Starting server on port 12345 with 10 threads
[2025-05-07 00:47:12.744] [FATAL] [MainServer] Could not start server on port 12345: Address already in use
java.net.BindException: Address already in use
	at java.base/sun.nio.ch.Net.bind0(Native Method)
	at java.base/sun.nio.ch.Net.bind(Net.java:565)
	at java.base/sun.nio.ch.Net.bind(Net.java:554)
	at java.base/sun.nio.ch.NioSocketImpl.bind(NioSocketImpl.java:636)
	at java.base/java.net.ServerSocket.bind(ServerSocket.java:391)
	at java.base/java.net.ServerSocket.<init>(ServerSocket.java:278)
	at java.base/java.net.ServerSocket.<init>(ServerSocket.java:171)
	at MainServer.main(MainServer.java:24)
[2025-05-07 00:47:12.746] [INFO] [Logger] Logging system shutting down
[2025-05-07 00:47:14.937] [INFO] [Logger] Logging system initialized
[2025-05-07 00:47:17.181] [INFO] [MainServer] New connection accepted from: /127.0.0.1:56780
[2025-05-07 00:47:17.181] [INFO] [ClientHandler] New client connected: /127.0.0.1:56780
[2025-05-07 00:47:17.185] [INFO] [Broadcaster] Registered client: audrey
[2025-05-07 00:47:17.185] [INFO] [ClientHandler] Client identified as: audrey
[2025-05-07 00:47:17.186] [INFO] [Broadcaster] Broadcast message: [SERVER] audrey has joined the server.
[2025-05-07 00:47:37.257] [INFO] [ClientHandler] audrey issued command: UPLOAD test.txt
[2025-05-07 00:47:37.257] [INFO] [FileManager] Receiving file: test.txt
[2025-05-07 00:47:37.258] [INFO] [FileManager] Expecting file size: 5 bytes
[2025-05-07 00:47:37.283] [INFO] [FileManager] File received and saved to: /Users/audreyzhao/Desktop/File-Sharing-System-main/server_files/test.txt
[2025-05-07 00:49:47.355] [INFO] [Logger] Logging system initialized
[2025-05-07 00:49:47.364] [INFO] [MainServer] Starting server on port 12345 with 10 threads
[2025-05-07 00:49:47.375] [FATAL] [MainServer] Could not start server on port 12345: Address already in use
java.net.BindException: Address already in use
	at java.base/sun.nio.ch.Net.bind0(Native Method)
	at java.base/sun.nio.ch.Net.bind(Net.java:565)
	at java.base/sun.nio.ch.Net.bind(Net.java:554)
	at java.base/sun.nio.ch.NioSocketImpl.bind(NioSocketImpl.java:636)
	at java.base/java.net.ServerSocket.bind(ServerSocket.java:391)
	at java.base/java.net.ServerSocket.<init>(ServerSocket.java:278)
	at java.base/java.net.ServerSocket.<init>(ServerSocket.java:171)
	at MainServer.main(MainServer.java:24)
[2025-05-07 00:49:47.377] [INFO] [Logger] Logging system shutting down
[2025-05-07 00:49:52.490] [INFO] [Logger] Logging system initialized
[2025-05-07 00:49:54.930] [INFO] [MainServer] New connection accepted from: /127.0.0.1:56799
[2025-05-07 00:49:54.931] [INFO] [ClientHandler] New client connected: /127.0.0.1:56799
[2025-05-07 00:49:54.935] [INFO] [Broadcaster] Registered client: audrey
[2025-05-07 00:49:54.935] [INFO] [ClientHandler] Client identified as: audrey
[2025-05-07 00:49:54.935] [INFO] [Broadcaster] Broadcast message: [SERVER] audrey has joined the server.
[2025-05-07 00:50:21.635] [INFO] [ClientHandler] audrey issued command: UPLOAD test.txt
[2025-05-07 00:50:21.636] [INFO] [FileManager] Receiving file: test.txt
[2025-05-07 00:50:21.636] [INFO] [FileManager] Expecting file size: 5 bytes
[2025-05-07 00:50:21.662] [INFO] [FileManager] File received and saved to: /Users/audreyzhao/Desktop/File-Sharing-System-main/server_files/test.txt
[2025-05-07 00:52:00.544] [INFO] [Logger] Logging system initialized
[2025-05-07 00:52:00.554] [INFO] [MainServer] Starting server on port 12345 with 10 threads
[2025-05-07 00:52:00.566] [FATAL] [MainServer] Could not start server on port 12345: Address already in use
java.net.BindException: Address already in use
	at java.base/sun.nio.ch.Net.bind0(Native Method)
	at java.base/sun.nio.ch.Net.bind(Net.java:565)
	at java.base/sun.nio.ch.Net.bind(Net.java:554)
	at java.base/sun.nio.ch.NioSocketImpl.bind(NioSocketImpl.java:636)
	at java.base/java.net.ServerSocket.bind(ServerSocket.java:391)
	at java.base/java.net.ServerSocket.<init>(ServerSocket.java:278)
	at java.base/java.net.ServerSocket.<init>(ServerSocket.java:171)
	at MainServer.main(MainServer.java:24)
[2025-05-07 00:52:00.568] [INFO] [Logger] Logging system shutting down
[2025-05-07 00:52:03.288] [INFO] [Logger] Logging system initialized
[2025-05-07 00:52:03.297] [INFO] [MainServer] Starting server on port 12345 with 10 threads
[2025-05-07 00:52:03.307] [FATAL] [MainServer] Could not start server on port 12345: Address already in use
java.net.BindException: Address already in use
	at java.base/sun.nio.ch.Net.bind0(Native Method)
	at java.base/sun.nio.ch.Net.bind(Net.java:565)
	at java.base/sun.nio.ch.Net.bind(Net.java:554)
	at java.base/sun.nio.ch.NioSocketImpl.bind(NioSocketImpl.java:636)
	at java.base/java.net.ServerSocket.bind(ServerSocket.java:391)
	at java.base/java.net.ServerSocket.<init>(ServerSocket.java:278)
	at java.base/java.net.ServerSocket.<init>(ServerSocket.java:171)
	at MainServer.main(MainServer.java:24)
[2025-05-07 00:52:03.309] [INFO] [Logger] Logging system shutting down
[2025-05-07 00:52:09.514] [INFO] [Logger] Logging system initialized
[2025-05-07 00:52:11.855] [INFO] [MainServer] New connection accepted from: /127.0.0.1:56813
[2025-05-07 00:52:11.855] [INFO] [ClientHandler] New client connected: /127.0.0.1:56813
[2025-05-07 00:52:11.858] [INFO] [Broadcaster] Registered client: audrey
[2025-05-07 00:52:11.859] [INFO] [ClientHandler] Client identified as: audrey
[2025-05-07 00:52:11.859] [INFO] [Broadcaster] Broadcast message: [SERVER] audrey has joined the server.
[2025-05-07 00:52:26.259] [INFO] [ClientHandler] audrey issued command: UPLOAD test.txt
[2025-05-07 00:52:26.260] [INFO] [FileManager] Receiving file: test.txt
[2025-05-07 00:52:26.260] [INFO] [FileManager] Expecting file size: 5 bytes
[2025-05-07 00:52:26.287] [INFO] [FileManager] File received and saved to: /Users/audreyzhao/Desktop/File-Sharing-System-main/server_files/test.txt
[2025-05-07 00:55:16.211] [INFO] [Logger] Logging system initialized
[2025-05-07 00:55:16.221] [INFO] [MainServer] Starting server on port 12345 with 10 threads
[2025-05-07 00:55:16.232] [FATAL] [MainServer] Could not start server on port 12345: Address already in use
java.net.BindException: Address already in use
	at java.base/sun.nio.ch.Net.bind0(Native Method)
	at java.base/sun.nio.ch.Net.bind(Net.java:565)
	at java.base/sun.nio.ch.Net.bind(Net.java:554)
	at java.base/sun.nio.ch.NioSocketImpl.bind(NioSocketImpl.java:636)
	at java.base/java.net.ServerSocket.bind(ServerSocket.java:391)
	at java.base/java.net.ServerSocket.<init>(ServerSocket.java:278)
	at java.base/java.net.ServerSocket.<init>(ServerSocket.java:171)
	at MainServer.main(MainServer.java:24)
[2025-05-07 00:55:16.234] [INFO] [Logger] Logging system shutting down
[2025-05-07 00:55:23.451] [INFO] [Logger] Logging system initialized
[2025-05-07 00:55:26.139] [INFO] [MainServer] New connection accepted from: /127.0.0.1:56828
[2025-05-07 00:55:26.139] [INFO] [ClientHandler] New client connected: /127.0.0.1:56828
[2025-05-07 00:55:26.142] [INFO] [Broadcaster] Registered client: audrey
[2025-05-07 00:55:26.143] [INFO] [ClientHandler] Client identified as: audrey
[2025-05-07 00:55:26.143] [INFO] [Broadcaster] Broadcast message: [SERVER] audrey has joined the server.
[2025-05-07 00:56:37.569] [INFO] [Logger] Logging system initialized
[2025-05-07 00:56:39.985] [INFO] [Logger] Logging system initialized
[2025-05-07 00:56:39.988] [INFO] [Client] Starting client...
[2025-05-07 00:56:40.000] [INFO] [MainServer] New connection accepted from: /127.0.0.1:56838
[2025-05-07 00:56:40.000] [INFO] [ClientHandler] New client connected: /127.0.0.1:56838
[2025-05-07 00:56:40.012] [INFO] [Client] Connected to server at localhost:12345
[2025-05-07 00:56:42.053] [INFO] [Logger] Logging system initialized
[2025-05-07 00:56:42.056] [INFO] [Client] Starting client...
[2025-05-07 00:56:42.067] [INFO] [MainServer] New connection accepted from: /127.0.0.1:56841
[2025-05-07 00:56:42.068] [INFO] [ClientHandler] New client connected: /127.0.0.1:56841
[2025-05-07 00:56:42.080] [INFO] [Client] Connected to server at localhost:12345
[2025-05-07 00:56:45.437] [INFO] [Logger] Logging system initialized
[2025-05-07 00:56:45.446] [INFO] [MainServer] Starting server on port 12345 with 10 threads
[2025-05-07 00:56:45.458] [FATAL] [MainServer] Could not start server on port 12345: Address already in use
java.net.BindException: Address already in use
	at java.base/sun.nio.ch.Net.bind0(Native Method)
	at java.base/sun.nio.ch.Net.bind(Net.java:565)
	at java.base/sun.nio.ch.Net.bind(Net.java:554)
	at java.base/sun.nio.ch.NioSocketImpl.bind(NioSocketImpl.java:636)
	at java.base/java.net.ServerSocket.bind(ServerSocket.java:391)
	at java.base/java.net.ServerSocket.<init>(ServerSocket.java:278)
	at java.base/java.net.ServerSocket.<init>(ServerSocket.java:171)
	at MainServer.main(MainServer.java:24)
[2025-05-07 00:56:45.460] [INFO] [Logger] Logging system shutting down
[2025-05-07 00:56:49.373] [INFO] [Logger] Logging system initialized
[2025-05-07 00:56:51.736] [INFO] [MainServer] New connection accepted from: /127.0.0.1:56847
[2025-05-07 00:56:51.736] [INFO] [ClientHandler] New client connected: /127.0.0.1:56847
[2025-05-07 00:56:51.740] [INFO] [Broadcaster] Registered client: audrey
[2025-05-07 00:56:51.740] [INFO] [ClientHandler] Client identified as: audrey
[2025-05-07 00:56:51.740] [INFO] [Broadcaster] Broadcast message: [SERVER] audrey has joined the server.
[2025-05-07 00:57:04.193] [INFO] [ClientHandler] audrey issued command: UPLOAD test.txt
[2025-05-07 00:57:04.193] [INFO] [FileManager] Receiving file: test.txt
[2025-05-07 00:57:04.193] [INFO] [FileManager] Expecting file size: 5 bytes
[2025-05-07 00:57:04.217] [INFO] [FileManager] File received and saved to: /Users/audreyzhao/Desktop/File-Sharing-System-main/server_files/test.txt
[2025-05-07 00:59:04.327] [INFO] [Logger] Logging system initialized
[2025-05-07 00:59:04.336] [INFO] [MainServer] Starting server on port 12345 with 10 threads
[2025-05-07 00:59:04.347] [FATAL] [MainServer] Could not start server on port 12345: Address already in use
java.net.BindException: Address already in use
	at java.base/sun.nio.ch.Net.bind0(Native Method)
	at java.base/sun.nio.ch.Net.bind(Net.java:565)
	at java.base/sun.nio.ch.Net.bind(Net.java:554)
	at java.base/sun.nio.ch.NioSocketImpl.bind(NioSocketImpl.java:636)
	at java.base/java.net.ServerSocket.bind(ServerSocket.java:391)
	at java.base/java.net.ServerSocket.<init>(ServerSocket.java:278)
	at java.base/java.net.ServerSocket.<init>(ServerSocket.java:171)
	at MainServer.main(MainServer.java:24)
[2025-05-07 00:59:04.349] [INFO] [Logger] Logging system shutting down
[2025-05-07 00:59:13.083] [INFO] [MainServer] New connection accepted from: /127.0.0.1:56879
[2025-05-07 00:59:13.083] [INFO] [ClientHandler] New client connected: /127.0.0.1:56879
[2025-05-07 00:59:19.605] [INFO] [Logger] Logging system initialized
[2025-05-07 00:59:19.614] [INFO] [MainServer] Starting server on port 12345 with 10 threads
[2025-05-07 00:59:19.626] [FATAL] [MainServer] Could not start server on port 12345: Address already in use
java.net.BindException: Address already in use
	at java.base/sun.nio.ch.Net.bind0(Native Method)
	at java.base/sun.nio.ch.Net.bind(Net.java:565)
	at java.base/sun.nio.ch.Net.bind(Net.java:554)
	at java.base/sun.nio.ch.NioSocketImpl.bind(NioSocketImpl.java:636)
	at java.base/java.net.ServerSocket.bind(ServerSocket.java:391)
	at java.base/java.net.ServerSocket.<init>(ServerSocket.java:278)
	at java.base/java.net.ServerSocket.<init>(ServerSocket.java:171)
	at MainServer.main(MainServer.java:24)
[2025-05-07 00:59:19.628] [INFO] [Logger] Logging system shutting down
[2025-05-07 00:59:26.372] [INFO] [MainServer] New connection accepted from: /127.0.0.1:56889
[2025-05-07 00:59:26.372] [INFO] [ClientHandler] New client connected: /127.0.0.1:56889
[2025-05-07 02:56:49.778] [ERROR] [ClientGUI] Download failed: null
java.io.EOFException
	at java.base/java.io.DataInputStream.readFully(DataInputStream.java:210)
	at java.base/java.io.DataInputStream.readLong(DataInputStream.java:407)
	at ClientGUI.handleDownload(ClientGUI.java:140)
	at java.desktop/javax.swing.AbstractButton.fireActionPerformed(AbstractButton.java:1972)
	at java.desktop/javax.swing.AbstractButton$Handler.actionPerformed(AbstractButton.java:2314)
	at java.desktop/javax.swing.DefaultButtonModel.fireActionPerformed(DefaultButtonModel.java:407)
	at java.desktop/javax.swing.DefaultButtonModel.setPressed(DefaultButtonModel.java:262)
	at java.desktop/javax.swing.plaf.basic.BasicButtonListener.mouseReleased(BasicButtonListener.java:279)
	at java.desktop/java.awt.Component.processMouseEvent(Component.java:6621)
	at java.desktop/javax.swing.JComponent.processMouseEvent(JComponent.java:3398)
	at java.desktop/java.awt.Component.processEvent(Component.java:6386)
	at java.desktop/java.awt.Container.processEvent(Container.java:2266)
	at java.desktop/java.awt.Component.dispatchEventImpl(Component.java:4996)
	at java.desktop/java.awt.Container.dispatchEventImpl(Container.java:2324)
	at java.desktop/java.awt.Component.dispatchEvent(Component.java:4828)
	at java.desktop/java.awt.LightweightDispatcher.retargetMouseEvent(Container.java:4948)
	at java.desktop/java.awt.LightweightDispatcher.processMouseEvent(Container.java:4575)
	at java.desktop/java.awt.LightweightDispatcher.dispatchEvent(Container.java:4516)
	at java.desktop/java.awt.Container.dispatchEventImpl(Container.java:2310)
	at java.desktop/java.awt.Window.dispatchEventImpl(Window.java:2780)
	at java.desktop/java.awt.Component.dispatchEvent(Component.java:4828)
	at java.desktop/java.awt.EventQueue.dispatchEventImpl(EventQueue.java:775)
	at java.desktop/java.awt.EventQueue$4.run(EventQueue.java:720)
	at java.desktop/java.awt.EventQueue$4.run(EventQueue.java:714)
	at java.base/java.security.AccessController.doPrivileged(AccessController.java:400)
	at java.base/java.security.ProtectionDomain$JavaSecurityAccessImpl.doIntersectionPrivilege(ProtectionDomain.java:87)
	at java.base/java.security.ProtectionDomain$JavaSecurityAccessImpl.doIntersectionPrivilege(ProtectionDomain.java:98)
	at java.desktop/java.awt.EventQueue$5.run(EventQueue.java:747)
	at java.desktop/java.awt.EventQueue$5.run(EventQueue.java:745)
	at java.base/java.security.AccessController.doPrivileged(AccessController.java:400)
	at java.base/java.security.ProtectionDomain$JavaSecurityAccessImpl.doIntersectionPrivilege(ProtectionDomain.java:87)
	at java.desktop/java.awt.EventQueue.dispatchEvent(EventQueue.java:744)
	at java.desktop/java.awt.EventDispatchThread.pumpOneEventForFilters(EventDispatchThread.java:203)
	at java.desktop/java.awt.EventDispatchThread.pumpEventsForFilter(EventDispatchThread.java:124)
	at java.desktop/java.awt.EventDispatchThread.pumpEventsForHierarchy(EventDispatchThread.java:113)
	at java.desktop/java.awt.EventDispatchThread.pumpEvents(EventDispatchThread.java:109)
	at java.desktop/java.awt.EventDispatchThread.pumpEvents(EventDispatchThread.java:101)
	at java.desktop/java.awt.EventDispatchThread.run(EventDispatchThread.java:90)
[2025-05-07 02:56:50.818] [INFO] [Logger] Logging system shutting down
[2025-05-07 02:56:52.901] [INFO] [Logger] Logging system shutting down
[2025-05-07 02:56:54.880] [ERROR] [ClientGUI] Download failed: null
java.io.EOFException
	at java.base/java.io.DataInputStream.readFully(DataInputStream.java:210)
	at java.base/java.io.DataInputStream.readLong(DataInputStream.java:407)
	at ClientGUI.handleDownload(ClientGUI.java:142)
	at java.desktop/javax.swing.AbstractButton.fireActionPerformed(AbstractButton.java:1972)
	at java.desktop/javax.swing.AbstractButton$Handler.actionPerformed(AbstractButton.java:2314)
	at java.desktop/javax.swing.DefaultButtonModel.fireActionPerformed(DefaultButtonModel.java:407)
	at java.desktop/javax.swing.DefaultButtonModel.setPressed(DefaultButtonModel.java:262)
	at java.desktop/javax.swing.plaf.basic.BasicButtonListener.mouseReleased(BasicButtonListener.java:279)
	at java.desktop/java.awt.Component.processMouseEvent(Component.java:6621)
	at java.desktop/javax.swing.JComponent.processMouseEvent(JComponent.java:3398)
	at java.desktop/java.awt.Component.processEvent(Component.java:6386)
	at java.desktop/java.awt.Container.processEvent(Container.java:2266)
	at java.desktop/java.awt.Component.dispatchEventImpl(Component.java:4996)
	at java.desktop/java.awt.Container.dispatchEventImpl(Container.java:2324)
	at java.desktop/java.awt.Component.dispatchEvent(Component.java:4828)
	at java.desktop/java.awt.LightweightDispatcher.retargetMouseEvent(Container.java:4948)
	at java.desktop/java.awt.LightweightDispatcher.processMouseEvent(Container.java:4575)
	at java.desktop/java.awt.LightweightDispatcher.dispatchEvent(Container.java:4516)
	at java.desktop/java.awt.Container.dispatchEventImpl(Container.java:2310)
	at java.desktop/java.awt.Window.dispatchEventImpl(Window.java:2780)
	at java.desktop/java.awt.Component.dispatchEvent(Component.java:4828)
	at java.desktop/java.awt.EventQueue.dispatchEventImpl(EventQueue.java:775)
	at java.desktop/java.awt.EventQueue$4.run(EventQueue.java:720)
	at java.desktop/java.awt.EventQueue$4.run(EventQueue.java:714)
	at java.base/java.security.AccessController.doPrivileged(AccessController.java:400)
	at java.base/java.security.ProtectionDomain$JavaSecurityAccessImpl.doIntersectionPrivilege(ProtectionDomain.java:87)
	at java.base/java.security.ProtectionDomain$JavaSecurityAccessImpl.doIntersectionPrivilege(ProtectionDomain.java:98)
	at java.desktop/java.awt.EventQueue$5.run(EventQueue.java:747)
	at java.desktop/java.awt.EventQueue$5.run(EventQueue.java:745)
	at java.base/java.security.AccessController.doPrivileged(AccessController.java:400)
	at java.base/java.security.ProtectionDomain$JavaSecurityAccessImpl.doIntersectionPrivilege(ProtectionDomain.java:87)
	at java.desktop/java.awt.EventQueue.dispatchEvent(EventQueue.java:744)
	at java.desktop/java.awt.EventDispatchThread.pumpOneEventForFilters(EventDispatchThread.java:203)
	at java.desktop/java.awt.EventDispatchThread.pumpEventsForFilter(EventDispatchThread.java:124)
	at java.desktop/java.awt.EventDispatchThread.pumpEventsForHierarchy(EventDispatchThread.java:113)
	at java.desktop/java.awt.EventDispatchThread.pumpEvents(EventDispatchThread.java:109)
	at java.desktop/java.awt.EventDispatchThread.pumpEvents(EventDispatchThread.java:101)
	at java.desktop/java.awt.EventDispatchThread.run(EventDispatchThread.java:90)
[2025-05-07 02:56:55.788] [INFO] [Logger] Logging system shutting down
[2025-05-07 02:56:57.366] [ERROR] [ClientGUI] Download failed: null
java.io.EOFException
	at java.base/java.io.DataInputStream.readFully(DataInputStream.java:210)
	at java.base/java.io.DataInputStream.readLong(DataInputStream.java:407)
	at ClientGUI.handleDownload(ClientGUI.java:142)
	at java.desktop/javax.swing.AbstractButton.fireActionPerformed(AbstractButton.java:1972)
	at java.desktop/javax.swing.AbstractButton$Handler.actionPerformed(AbstractButton.java:2314)
	at java.desktop/javax.swing.DefaultButtonModel.fireActionPerformed(DefaultButtonModel.java:407)
	at java.desktop/javax.swing.DefaultButtonModel.setPressed(DefaultButtonModel.java:262)
	at java.desktop/javax.swing.plaf.basic.BasicButtonListener.mouseReleased(BasicButtonListener.java:279)
	at java.desktop/java.awt.Component.processMouseEvent(Component.java:6621)
	at java.desktop/javax.swing.JComponent.processMouseEvent(JComponent.java:3398)
	at java.desktop/java.awt.Component.processEvent(Component.java:6386)
	at java.desktop/java.awt.Container.processEvent(Container.java:2266)
	at java.desktop/java.awt.Component.dispatchEventImpl(Component.java:4996)
	at java.desktop/java.awt.Container.dispatchEventImpl(Container.java:2324)
	at java.desktop/java.awt.Component.dispatchEvent(Component.java:4828)
	at java.desktop/java.awt.LightweightDispatcher.retargetMouseEvent(Container.java:4948)
	at java.desktop/java.awt.LightweightDispatcher.processMouseEvent(Container.java:4575)
	at java.desktop/java.awt.LightweightDispatcher.dispatchEvent(Container.java:4516)
	at java.desktop/java.awt.Container.dispatchEventImpl(Container.java:2310)
	at java.desktop/java.awt.Window.dispatchEventImpl(Window.java:2780)
	at java.desktop/java.awt.Component.dispatchEvent(Component.java:4828)
	at java.desktop/java.awt.EventQueue.dispatchEventImpl(EventQueue.java:775)
	at java.desktop/java.awt.EventQueue$4.run(EventQueue.java:720)
	at java.desktop/java.awt.EventQueue$4.run(EventQueue.java:714)
	at java.base/java.security.AccessController.doPrivileged(AccessController.java:400)
	at java.base/java.security.ProtectionDomain$JavaSecurityAccessImpl.doIntersectionPrivilege(ProtectionDomain.java:87)
	at java.base/java.security.ProtectionDomain$JavaSecurityAccessImpl.doIntersectionPrivilege(ProtectionDomain.java:98)
	at java.desktop/java.awt.EventQueue$5.run(EventQueue.java:747)
	at java.desktop/java.awt.EventQueue$5.run(EventQueue.java:745)
	at java.base/java.security.AccessController.doPrivileged(AccessController.java:400)
	at java.base/java.security.ProtectionDomain$JavaSecurityAccessImpl.doIntersectionPrivilege(ProtectionDomain.java:87)
	at java.desktop/java.awt.EventQueue.dispatchEvent(EventQueue.java:744)
	at java.desktop/java.awt.EventDispatchThread.pumpOneEventForFilters(EventDispatchThread.java:203)
	at java.desktop/java.awt.EventDispatchThread.pumpEventsForFilter(EventDispatchThread.java:124)
	at java.desktop/java.awt.EventDispatchThread.pumpEventsForHierarchy(EventDispatchThread.java:113)
	at java.desktop/java.awt.EventDispatchThread.pumpEvents(EventDispatchThread.java:109)
	at java.desktop/java.awt.EventDispatchThread.pumpEvents(EventDispatchThread.java:101)
	at java.desktop/java.awt.EventDispatchThread.run(EventDispatchThread.java:90)
[2025-05-07 02:56:58.278] [INFO] [Logger] Logging system shutting down
[2025-05-07 02:57:00.151] [ERROR] [ClientGUI] Download failed: null
java.io.EOFException
	at java.base/java.io.DataInputStream.readFully(DataInputStream.java:210)
	at java.base/java.io.DataInputStream.readLong(DataInputStream.java:407)
	at ClientGUI.handleDownload(ClientGUI.java:142)
	at java.desktop/javax.swing.AbstractButton.fireActionPerformed(AbstractButton.java:1972)
	at java.desktop/javax.swing.AbstractButton$Handler.actionPerformed(AbstractButton.java:2314)
	at java.desktop/javax.swing.DefaultButtonModel.fireActionPerformed(DefaultButtonModel.java:407)
	at java.desktop/javax.swing.DefaultButtonModel.setPressed(DefaultButtonModel.java:262)
	at java.desktop/javax.swing.plaf.basic.BasicButtonListener.mouseReleased(BasicButtonListener.java:279)
	at java.desktop/java.awt.Component.processMouseEvent(Component.java:6621)
	at java.desktop/javax.swing.JComponent.processMouseEvent(JComponent.java:3398)
	at java.desktop/java.awt.Component.processEvent(Component.java:6386)
	at java.desktop/java.awt.Container.processEvent(Container.java:2266)
	at java.desktop/java.awt.Component.dispatchEventImpl(Component.java:4996)
	at java.desktop/java.awt.Container.dispatchEventImpl(Container.java:2324)
	at java.desktop/java.awt.Component.dispatchEvent(Component.java:4828)
	at java.desktop/java.awt.LightweightDispatcher.retargetMouseEvent(Container.java:4948)
	at java.desktop/java.awt.LightweightDispatcher.processMouseEvent(Container.java:4575)
	at java.desktop/java.awt.LightweightDispatcher.dispatchEvent(Container.java:4516)
	at java.desktop/java.awt.Container.dispatchEventImpl(Container.java:2310)
	at java.desktop/java.awt.Window.dispatchEventImpl(Window.java:2780)
	at java.desktop/java.awt.Component.dispatchEvent(Component.java:4828)
	at java.desktop/java.awt.EventQueue.dispatchEventImpl(EventQueue.java:775)
	at java.desktop/java.awt.EventQueue$4.run(EventQueue.java:720)
	at java.desktop/java.awt.EventQueue$4.run(EventQueue.java:714)
	at java.base/java.security.AccessController.doPrivileged(AccessController.java:400)
	at java.base/java.security.ProtectionDomain$JavaSecurityAccessImpl.doIntersectionPrivilege(ProtectionDomain.java:87)
	at java.base/java.security.ProtectionDomain$JavaSecurityAccessImpl.doIntersectionPrivilege(ProtectionDomain.java:98)
	at java.desktop/java.awt.EventQueue$5.run(EventQueue.java:747)
	at java.desktop/java.awt.EventQueue$5.run(EventQueue.java:745)
	at java.base/java.security.AccessController.doPrivileged(AccessController.java:400)
	at java.base/java.security.ProtectionDomain$JavaSecurityAccessImpl.doIntersectionPrivilege(ProtectionDomain.java:87)
	at java.desktop/java.awt.EventQueue.dispatchEvent(EventQueue.java:744)
	at java.desktop/java.awt.EventDispatchThread.pumpOneEventForFilters(EventDispatchThread.java:203)
	at java.desktop/java.awt.EventDispatchThread.pumpEventsForFilter(EventDispatchThread.java:124)
	at java.desktop/java.awt.EventDispatchThread.pumpEventsForHierarchy(EventDispatchThread.java:113)
	at java.desktop/java.awt.EventDispatchThread.pumpEvents(EventDispatchThread.java:109)
	at java.desktop/java.awt.EventDispatchThread.pumpEvents(EventDispatchThread.java:101)
	at java.desktop/java.awt.EventDispatchThread.run(EventDispatchThread.java:90)
[2025-05-07 02:57:01.222] [INFO] [Logger] Logging system shutting down
